# JRE version: OpenJDK Runtime Environment Temurin-17.0.7+7 (17.0.7+7) (build 17.0.7+7)
# Java VM: OpenJDK 64-Bit Server VM Temurin-17.0.7+7 (17.0.7+7, mixed mode, tiered, compressed oops, compressed class ptrs, g1 gc, windows-amd64)
GC Precious Log:
 CPUs: 12 total, 12 available
 Memory: 15694M
 Large Page Support: Disabled
 NUMA Support: Disabled
 Compressed Oops: Enabled (32-bit)
 Heap Region Size: 1M
 Heap Min Capacity: 8M
 Heap Initial Capacity: 246M
 Heap Max Capacity: 2G
 Pre-touch: Disabled
 Parallel Workers: 10
 Concurrent Workers: 3
 Concurrent Refinement Workers: 10
 Periodic GC: Disabled
Heap:
 garbage-first heap   total 119808K, used 94109K [0x0000000080000000, 0x0000000100000000)
  region size 1024K, 61 young (62464K), 4 survivors (4096K)
 Metaspace       used 44495K, committed 45120K, reserved 1114112K
  class space    used 4851K, committed 5120K, reserved 1048576K
GC Heap History (20 events):
Event: 2.907 GC heap before
{Heap before GC invocations=7 (full 0):
 garbage-first heap   total 78848K, used 56702K [0x0000000080000000, 0x0000000100000000)
  region size 1024K, 36 young (36864K), 5 survivors (5120K)
 Metaspace       used 30473K, committed 30848K, reserved 1114112K
  class space    used 3266K, committed 3456K, reserved 1048576K
}
Event: 2.914 GC heap after
{Heap after GC invocations=8 (full 0):
 garbage-first heap   total 78848K, used 27219K [0x0000000080000000, 0x0000000100000000)
  region size 1024K, 3 young (3072K), 3 survivors (3072K)
 Metaspace       used 30473K, committed 30848K, reserved 1114112K
  class space    used 3266K, committed 3456K, reserved 1048576K
}
Event: 3.065 GC heap before
{Heap before GC invocations=8 (full 0):
 garbage-first heap   total 78848K, used 59987K [0x0000000080000000, 0x0000000100000000)
  region size 1024K, 33 young (33792K), 3 survivors (3072K)
 Metaspace       used 31623K, committed 32000K, reserved 1114112K
  class space    used 3341K, committed 3520K, reserved 1048576K
}
Event: 3.070 GC heap after
{Heap after GC invocations=9 (full 0):
 garbage-first heap   total 99328K, used 27465K [0x0000000080000000, 0x0000000100000000)
  region size 1024K, 3 young (3072K), 3 survivors (3072K)
 Metaspace       used 31623K, committed 32000K, reserved 1114112K
  class space    used 3341K, committed 3520K, reserved 1048576K
}
Event: 3.414 GC heap before
{Heap before GC invocations=9 (full 0):
 garbage-first heap   total 99328K, used 73545K [0x0000000080000000, 0x0000000100000000)
  region size 1024K, 48 young (49152K), 3 survivors (3072K)
 Metaspace       used 33658K, committed 34048K, reserved 1114112K
  class space    used 3573K, committed 3776K, reserved 1048576K
}
Event: 3.418 GC heap after
{Heap after GC invocations=10 (full 0):
 garbage-first heap   total 99328K, used 28173K [0x0000000080000000, 0x0000000100000000)
  region size 1024K, 4 young (4096K), 4 survivors (4096K)
 Metaspace       used 33658K, committed 34048K, reserved 1114112K
  class space    used 3573K, committed 3776K, reserved 1048576K
}
Event: 3.627 GC heap before
{Heap before GC invocations=10 (full 0):
 garbage-first heap   total 99328K, used 75277K [0x0000000080000000, 0x0000000100000000)
  region size 1024K, 50 young (51200K), 4 survivors (4096K)
 Metaspace       used 34133K, committed 34496K, reserved 1114112K
  class space    used 3606K, committed 3776K, reserved 1048576K
}
Event: 3.633 GC heap after
{Heap after GC invocations=11 (full 0):
 garbage-first heap   total 99328K, used 29637K [0x0000000080000000, 0x0000000100000000)
  region size 1024K, 5 young (5120K), 5 survivors (5120K)
 Metaspace       used 34133K, committed 34496K, reserved 1114112K
  class space    used 3606K, committed 3776K, reserved 1048576K
}
Event: 4.014 GC heap before
{Heap before GC invocations=11 (full 0):
 garbage-first heap   total 99328K, used 75717K [0x0000000080000000, 0x0000000100000000)
  region size 1024K, 51 young (52224K), 5 survivors (5120K)
 Metaspace       used 35487K, committed 35968K, reserved 1114112K
  class space    used 3747K, committed 3968K, reserved 1048576K
}
Event: 4.022 GC heap after
{Heap after GC invocations=12 (full 0):
 garbage-first heap   total 99328K, used 32783K [0x0000000080000000, 0x0000000100000000)
  region size 1024K, 6 young (6144K), 6 survivors (6144K)
 Metaspace       used 35487K, committed 35968K, reserved 1114112K
  class space    used 3747K, committed 3968K, reserved 1048576K
}
Event: 4.862 GC heap before
{Heap before GC invocations=13 (full 0):
 garbage-first heap   total 99328K, used 77839K [0x0000000080000000, 0x0000000100000000)
  region size 1024K, 50 young (51200K), 6 survivors (6144K)
 Metaspace       used 42460K, committed 43008K, reserved 1114112K
  class space    used 4716K, committed 4992K, reserved 1048576K
}
Event: 4.871 GC heap after
{Heap after GC invocations=14 (full 0):
 garbage-first heap   total 119808K, used 36019K [0x0000000080000000, 0x0000000100000000)
  region size 1024K, 7 young (7168K), 7 survivors (7168K)
 Metaspace       used 42460K, committed 43008K, reserved 1114112K
  class space    used 4716K, committed 4992K, reserved 1048576K
}
Event: 11.443 GC heap before
{Heap before GC invocations=14 (full 0):
 garbage-first heap   total 119808K, used 94387K [0x0000000080000000, 0x0000000100000000)
  region size 1024K, 64 young (65536K), 7 survivors (7168K)
 Metaspace       used 44148K, committed 44736K, reserved 1114112K
  class space    used 4847K, committed 5120K, reserved 1048576K
}
Event: 11.450 GC heap after
{Heap after GC invocations=15 (full 0):
 garbage-first heap   total 119808K, used 36765K [0x0000000080000000, 0x0000000100000000)
  region size 1024K, 4 young (4096K), 4 survivors (4096K)
 Metaspace       used 44148K, committed 44736K, reserved 1114112K
  class space    used 4847K, committed 5120K, reserved 1048576K
}
Event: 18.883 GC heap before
{Heap before GC invocations=15 (full 0):
 garbage-first heap   total 119808K, used 96157K [0x0000000080000000, 0x0000000100000000)
  region size 1024K, 62 young (63488K), 4 survivors (4096K)
 Metaspace       used 44430K, committed 44992K, reserved 1114112K
  class space    used 4849K, committed 5120K, reserved 1048576K
}
Event: 18.888 GC heap after
{Heap after GC invocations=16 (full 0):
 garbage-first heap   total 119808K, used 36765K [0x0000000080000000, 0x0000000100000000)
  region size 1024K, 4 young (4096K), 4 survivors (4096K)
 Metaspace       used 44430K, committed 44992K, reserved 1114112K
  class space    used 4849K, committed 5120K, reserved 1048576K
}
Event: 26.782 GC heap before
{Heap before GC invocations=16 (full 0):
 garbage-first heap   total 119808K, used 98205K [0x0000000080000000, 0x0000000100000000)
  region size 1024K, 64 young (65536K), 4 survivors (4096K)
 Metaspace       used 44430K, committed 44992K, reserved 1114112K
  class space    used 4849K, committed 5120K, reserved 1048576K
}
Event: 26.786 GC heap after
{Heap after GC invocations=17 (full 0):
 garbage-first heap   total 119808K, used 37153K [0x0000000080000000, 0x0000000100000000)
  region size 1024K, 5 young (5120K), 5 survivors (5120K)
 Metaspace       used 44430K, committed 44992K, reserved 1114112K
  class space    used 4849K, committed 5120K, reserved 1048576K
}
Event: 34.398 GC heap before
{Heap before GC invocations=17 (full 0):
 garbage-first heap   total 119808K, used 99617K [0x0000000080000000, 0x0000000100000000)
  region size 1024K, 66 young (67584K), 5 survivors (5120K)
 Metaspace       used 44495K, committed 45120K, reserved 1114112K
  class space    used 4851K, committed 5120K, reserved 1048576K
}
Event: 34.403 GC heap after
{Heap after GC invocations=18 (full 0):
 garbage-first heap   total 119808K, used 36765K [0x0000000080000000, 0x0000000100000000)
  region size 1024K, 4 young (4096K), 4 survivors (4096K)
 Metaspace       used 44495K, committed 45120K, reserved 1114112K
  class space    used 4851K, committed 5120K, reserved 1048576K
}

